app/build/outputs/logs/manifest-merger-debug-report.txt
-- Merging decision tree log ---
manifest
ADDED from src/main/AndroidManifest.xml:2:1-24:12
	package
		ADDED from src/main/AndroidManifest.xml:3:5-38
		INJECTED from src/main/AndroidManifest.xml
		INJECTED from src/main/AndroidManifest.xml
	android:versionName
		INJECTED from src/main/AndroidManifest.xml
		INJECTED from src/main/AndroidManifest.xml
	xmlns:android
		ADDED from src/main/AndroidManifest.xml:2:11-69
	android:versionCode
		INJECTED from src/main/AndroidManifest.xml
		INJECTED from src/main/AndroidManifest.xml
uses-permission#android.permission.ACCESS_NETWORK_STATE
ADDED from src/main/AndroidManifest.xml:4:5-79
MERGED from [com.mapbox.mapboxsdk:mapbox-android-sdk:4.2.0-beta.5] AndroidManifest.xml:17:5-79
	android:name
		ADDED from src/main/AndroidManifest.xml:4:22-76
uses-permission#android.permission.INTERNET
ADDED from src/main/AndroidManifest.xml:5:5-67
MERGED from [com.mapbox.mapboxsdk:mapbox-android-sdk:4.2.0-beta.5] AndroidManifest.xml:16:5-67
	android:name
		ADDED from src/main/AndroidManifest.xml:5:22-64
uses-permission#android.permission.ACCESS_COARSE_LOCATION
ADDED from src/main/AndroidManifest.xml:6:5-81
MERGED from [com.mapzen.android:lost:1.1.1] AndroidManifest.xml:9:5-81
	android:name
		ADDED from src/main/AndroidManifest.xml:6:22-78
uses-permission#android.permission.ACCESS_FINE_LOCATION
ADDED from src/main/AndroidManifest.xml:7:5-79
MERGED from [com.mapzen.android:lost:1.1.1] AndroidManifest.xml:10:5-79
	android:name
		ADDED from src/main/AndroidManifest.xml:7:22-76
application
ADDED from src/main/AndroidManifest.xml:8:5-22:19
MERGED from [com.android.support:design:23.4.0] AndroidManifest.xml:22:5-20
MERGED from [com.mapzen.android:lost:1.1.1] AndroidManifest.xml:23:5-20
MERGED from [com.android.support:appcompat-v7:24.1.1] AndroidManifest.xml:25:5-20
MERGED from [com.android.support:animated-vector-drawable:24.1.1] AndroidManifest.xml:22:5-20
MERGED from [com.android.support:support-vector-drawable:24.1.1] AndroidManifest.xml:23:5-20
MERGED from [com.android.support:support-v4:24.1.1] AndroidManifest.xml:25:5-20
	android:label
		ADDED from src/main/AndroidManifest.xml:11:9-41
	android:supportsRtl
		ADDED from src/main/AndroidManifest.xml:12:9-35
	android:allowBackup
		ADDED from src/main/AndroidManifest.xml:9:9-35
	android:icon
		ADDED from src/main/AndroidManifest.xml:10:9-43
	android:theme
		ADDED from src/main/AndroidManifest.xml:13:9-40
service#com.mapbox.mapboxsdk.telemetry.TelemetryService
ADDED from src/main/AndroidManifest.xml:14:9-83
	android:name
		ADDED from src/main/AndroidManifest.xml:14:18-80
activity#fac.capteurlocalisation.Home
ADDED from src/main/AndroidManifest.xml:15:9-21:20
	android:name
		ADDED from src/main/AndroidManifest.xml:15:19-39
intent-filter#android.intent.action.MAIN+android.intent.category.LAUNCHER
ADDED from src/main/AndroidManifest.xml:16:13-20:29
action#android.intent.action.MAIN
ADDED from src/main/AndroidManifest.xml:17:17-69
	android:name
		ADDED from src/main/AndroidManifest.xml:17:25-66
category#android.intent.category.LAUNCHER
ADDED from src/main/AndroidManifest.xml:19:17-77
	android:name
		ADDED from src/main/AndroidManifest.xml:19:27-74
uses-sdk
INJECTED from src/main/AndroidManifest.xml reason: use-sdk injection requested
MERGED from [com.mapbox.mapboxsdk:mapbox-android-sdk:4.2.0-beta.5] AndroidManifest.xml:5:5-7:41
MERGED from [com.android.support:design:23.4.0] AndroidManifest.xml:20:5-43
MERGED from [com.android.support:recyclerview-v7:23.4.0] AndroidManifest.xml:20:5-43
MERGED from [com.mapzen.android:lost:1.1.1] AndroidManifest.xml:5:5-7:41
MERGED from [com.android.support:appcompat-v7:24.1.1] AndroidManifest.xml:21:5-23:78
MERGED from [com.android.support:animated-vector-drawable:24.1.1] AndroidManifest.xml:20:5-44
MERGED from [com.android.support:support-vector-drawable:24.1.1] AndroidManifest.xml:21:5-43
MERGED from [com.android.support:support-v4:24.1.1] AndroidManifest.xml:21:5-23:54
	tools:overrideLibrary
		ADDED from [com.android.support:appcompat-v7:24.1.1] AndroidManifest.xml:23:9-75
	android:targetSdkVersion
		INJECTED from src/main/AndroidManifest.xml
		INJECTED from src/main/AndroidManifest.xml
	android:minSdkVersion
		INJECTED from src/main/AndroidManifest.xml
		INJECTED from src/main/AndroidManifest.xml
uses-feature#0x00020000
ADDED from [com.mapbox.mapboxsdk:mapbox-android-sdk:4.2.0-beta.5] AndroidManifest.xml:9:5-11:35
	android:glEsVersion
		ADDED from [com.mapbox.mapboxsdk:mapbox-android-sdk:4.2.0-beta.5] AndroidManifest.xml:10:9-41
	android:required
		ADDED from [com.mapbox.mapboxsdk:mapbox-android-sdk:4.2.0-beta.5] AndroidManifest.xml:11:9-32
uses-feature#android.hardware.wifi
ADDED from [com.mapbox.mapboxsdk:mapbox-android-sdk:4.2.0-beta.5] AndroidManifest.xml:12:5-14:36
MERGED from [com.mapzen.android:lost:1.1.1] AndroidManifest.xml:20:5-58
	android:required
		ADDED from [com.mapbox.mapboxsdk:mapbox-android-sdk:4.2.0-beta.5] AndroidManifest.xml:14:9-33
		MERGED from src/main/AndroidManifest.xml:12:5-14:36
	android:name
		ADDED from [com.mapbox.mapboxsdk:mapbox-android-sdk:4.2.0-beta.5] AndroidManifest.xml:13:9-45
uses-permission#android.permission.ACCESS_WIFI_STATE
ADDED from [com.mapbox.mapboxsdk:mapbox-android-sdk:4.2.0-beta.5] AndroidManifest.xml:18:5-76
	android:name
		ADDED from [com.mapbox.mapboxsdk:mapbox-android-sdk:4.2.0-beta.5] AndroidManifest.xml:18:22-73
uses-feature#android.hardware.sensor.accelerometer
ADDED from [com.mapzen.android:lost:1.1.1] AndroidManifest.xml:12:5-14:36
	android:required
		ADDED from [com.mapzen.android:lost:1.1.1] AndroidManifest.xml:14:9-33
	android:name
		ADDED from [com.mapzen.android:lost:1.1.1] AndroidManifest.xml:13:9-61
uses-feature#android.hardware.location
ADDED from [com.mapzen.android:lost:1.1.1] AndroidManifest.xml:15:5-62
	android:name
		ADDED from [com.mapzen.android:lost:1.1.1] AndroidManifest.xml:15:19-59
uses-feature#android.hardware.location.gps
ADDED from [com.mapzen.android:lost:1.1.1] AndroidManifest.xml:16:5-66
	android:name
		ADDED from [com.mapzen.android:lost:1.1.1] AndroidManifest.xml:16:19-63
uses-feature#android.hardware.telephony
ADDED from [com.mapzen.android:lost:1.1.1] AndroidManifest.xml:17:5-19:36
	android:required
		ADDED from [com.mapzen.android:lost:1.1.1] AndroidManifest.xml:19:9-33
	android:name
		ADDED from [com.mapzen.android:lost:1.1.1] AndroidManifest.xml:18:9-50